\c contrib_regression_utf8
SET DateStyle = 'ISO,YMD';
SET IntervalStyle = 'sql_standard';
SET TIMEZONE = 'Asia/Tokyo';
-- '>' operator
EXPLAIN (COSTS FALSE) SELECT * FROM binary_float_real WHERE val > 0;
                                        QUERY PLAN                                        
------------------------------------------------------------------------------------------
 Foreign Scan on binary_float_real
   Remote SQL: SELECT "id", "val" FROM "oracle_fdw"."binary_float_real" WHERE ("val" > 0)
(2 rows)

SELECT * FROM binary_float_real WHERE val > 0;
 id |     val     
----+-------------
  3 |         NaN
  4 |    Infinity
  7 | 3.40282e+38
  9 |           1
(4 rows)

EXPLAIN (COSTS FALSE) SELECT * FROM binary_double_precision WHERE val > 0;
                                           QUERY PLAN                                           
------------------------------------------------------------------------------------------------
 Foreign Scan on binary_double_precision
   Remote SQL: SELECT "id", "val" FROM "oracle_fdw"."binary_double_precision" WHERE ("val" > 0)
(2 rows)

SELECT * FROM binary_double_precision WHERE val > 0;
 id |         val          
----+----------------------
  3 |                  NaN
  4 |             Infinity
  7 | 9.9999999999999e+125
  9 |                    1
(4 rows)

EXPLAIN (COSTS FALSE) SELECT * FROM number_smallint WHERE val > 0;
                                       QUERY PLAN                                       
----------------------------------------------------------------------------------------
 Foreign Scan on number_smallint
   Remote SQL: SELECT "id", "val" FROM "oracle_fdw"."number_smallint" WHERE ("val" > 0)
(2 rows)

SELECT * FROM number_smallint WHERE val > 0;
 id |  val  
----+-------
  4 | 32767
  6 |     1
(2 rows)

EXPLAIN (COSTS FALSE) SELECT * FROM number_integer WHERE val > 0;
                                      QUERY PLAN                                       
---------------------------------------------------------------------------------------
 Foreign Scan on number_integer
   Remote SQL: SELECT "id", "val" FROM "oracle_fdw"."number_integer" WHERE ("val" > 0)
(2 rows)

SELECT * FROM number_integer WHERE val > 0;
 id |    val     
----+------------
  4 | 2147483647
  6 |          1
(2 rows)

EXPLAIN (COSTS FALSE) SELECT * FROM number_bigint WHERE val > 0;
                                      QUERY PLAN                                      
--------------------------------------------------------------------------------------
 Foreign Scan on number_bigint
   Remote SQL: SELECT "id", "val" FROM "oracle_fdw"."number_bigint" WHERE ("val" > 0)
(2 rows)

SELECT * FROM number_bigint WHERE val > 0;
 id |         val         
----+---------------------
  4 | 9223372036854775807
  6 |                   1
(2 rows)

EXPLAIN (COSTS FALSE) SELECT * FROM number_numeric1 WHERE val > 0;
                                       QUERY PLAN                                       
----------------------------------------------------------------------------------------
 Foreign Scan on number_numeric1
   Remote SQL: SELECT "id", "val" FROM "oracle_fdw"."number_numeric1" WHERE ("val" > 0)
(2 rows)

SELECT * FROM number_numeric1 WHERE val > 0;
 id |                                                            val                                                             
----+----------------------------------------------------------------------------------------------------------------------------
  4 | 12345678901234567890123456789012345679000000000000000000000000000000000000000000000000000000000000000000000000000000000000
  6 |                      10000000000000000000000000000000000000000000000000000000000000000000000000000000000000000000000000000
(2 rows)

EXPLAIN (COSTS FALSE) SELECT * FROM number_numeric2 WHERE val > 0;
                                       QUERY PLAN                                       
----------------------------------------------------------------------------------------
 Foreign Scan on number_numeric2
   Remote SQL: SELECT "id", "val" FROM "oracle_fdw"."number_numeric2" WHERE ("val" > 0)
(2 rows)

SELECT * FROM number_numeric2 WHERE val > 0;
 id |                                                                val                                                                
----+-----------------------------------------------------------------------------------------------------------------------------------
  4 | 0.0000000000000000000000000000000000000000000000000000000000000000000000000000000000000000012345678901234567890123456789012345679
  6 |                            0.0000000000000000000000000000000000000000000000000000000000000000000000000000000000000000000000000001
(2 rows)

EXPLAIN (COSTS FALSE) SELECT * FROM number_numeric3 WHERE val > 0;
                                       QUERY PLAN                                       
----------------------------------------------------------------------------------------
 Foreign Scan on number_numeric3
   Remote SQL: SELECT "id", "val" FROM "oracle_fdw"."number_numeric3" WHERE ("val" > 0)
(2 rows)

SELECT * FROM number_numeric3 WHERE val > 0;
 id |         val         
----+---------------------
  4 | 9223372036854775807
  6 |                   1
(2 rows)

EXPLAIN (COSTS FALSE) SELECT * FROM float_numeric1 WHERE val > 0;
                                      QUERY PLAN                                       
---------------------------------------------------------------------------------------
 Foreign Scan on float_numeric1
   Remote SQL: SELECT "id", "val" FROM "oracle_fdw"."float_numeric1" WHERE ("val" > 0)
(2 rows)

SELECT * FROM float_numeric1 WHERE val > 0;
 id |         val         
----+---------------------
  4 | 9223372036854775807
  6 |                   1
(2 rows)

EXPLAIN (COSTS FALSE) SELECT * FROM float_numeric2 WHERE val > 0;
                                      QUERY PLAN                                       
---------------------------------------------------------------------------------------
 Foreign Scan on float_numeric2
   Remote SQL: SELECT "id", "val" FROM "oracle_fdw"."float_numeric2" WHERE ("val" > 0)
(2 rows)

SELECT * FROM float_numeric2 WHERE val > 0;
 id |         val         
----+---------------------
  4 | 9223372036854775807
  6 |                   1
(2 rows)

EXPLAIN (COSTS FALSE) SELECT * FROM char_char WHERE val > 'bBいイ異伊';
                                        QUERY PLAN                                        
------------------------------------------------------------------------------------------
 Foreign Scan on char_char
   Remote SQL: SELECT "id", "val" FROM "oracle_fdw"."char_b" WHERE ("val" > 'bBいイ異伊')
(2 rows)

SELECT * FROM char_char WHERE val > 'bBいイ異伊';
 id |                                                                                                                                                                                                                                                                                                                                                                                                                                                                                                                                                                                                                                                                                                                                                                                                                                                                                                                                                                                                                                         val                                                                                                                                                                                                                                                                                                                                                                                                                                                                                                                                                                                                                                                                                                                                                                                                                                                                                                                                                                                                                                          
----+--------------------------------------------------------------------------------------------------------------------------------------------------------------------------------------------------------------------------------------------------------------------------------------------------------------------------------------------------------------------------------------------------------------------------------------------------------------------------------------------------------------------------------------------------------------------------------------------------------------------------------------------------------------------------------------------------------------------------------------------------------------------------------------------------------------------------------------------------------------------------------------------------------------------------------------------------------------------------------------------------------------------------------------------------------------------------------------------------------------------------------------------------------------------------------------------------------------------------------------------------------------------------------------------------------------------------------------------------------------------------------------------------------------------------------------------------------------------------------------------------------------------------------------------------------------------------------------------------------------------------------------------------------------------------------------------------------------------------------------------------------------------------------------------------------------------------------------------------------------------------------------------------------------------------------------------------------------------------------------------------------------------------------------------------------------------------------------
  5 | cCうウ卯宇                                                                                                                                                                                                                                                                                                                                                                                                                                                                                                                                                                                                                                                                                                                                                                                                                                                                                                                                                                                                                                                                                                                                                                                                                                                                                                                                                                                                                                                                                                                                                                                                                                                                                                                                                                                                                                                                                                                                                                                                                                                                          
(1 row)

EXPLAIN (COSTS FALSE) SELECT * FROM char_varchar WHERE val > 'bBいイ異伊';
                                        QUERY PLAN                                        
------------------------------------------------------------------------------------------
 Foreign Scan on char_varchar
   Remote SQL: SELECT "id", "val" FROM "oracle_fdw"."char_c" WHERE ("val" > 'bBいイ異伊')
(2 rows)

SELECT * FROM char_varchar WHERE val > 'bBいイ異伊';
 id |                                                                                                                                                                                                                                                                                                                                                                                                                                                                                                                                                                                                                                                                                                                                                                                                                                                                                                                                                                                                                                     val                                                                                                                                                                                                                                                                                                                                                                                                                                                                                                                                                                                                                                                                                                                                                                                                                                                                                                                                                                                                                                      
----+------------------------------------------------------------------------------------------------------------------------------------------------------------------------------------------------------------------------------------------------------------------------------------------------------------------------------------------------------------------------------------------------------------------------------------------------------------------------------------------------------------------------------------------------------------------------------------------------------------------------------------------------------------------------------------------------------------------------------------------------------------------------------------------------------------------------------------------------------------------------------------------------------------------------------------------------------------------------------------------------------------------------------------------------------------------------------------------------------------------------------------------------------------------------------------------------------------------------------------------------------------------------------------------------------------------------------------------------------------------------------------------------------------------------------------------------------------------------------------------------------------------------------------------------------------------------------------------------------------------------------------------------------------------------------------------------------------------------------------------------------------------------------------------------------------------------------------------------------------------------------------------------------------------------------------------------------------------------------------------------------------------------------------------------------------------------------
  5 | cCうウ卯宇                                                                                                                                                                                                                                                                                                                                                                                                                                                                                                                                                                                                                                                                                                                                                                                                                                                                                                                                                                                                                                                                                                                                                                                                                                                                                                                                                                                                                                                                                                                                                                                                                                                                                                                                                                                                                                                                                                                                                                                                                                                                  
(1 row)

EXPLAIN (COSTS FALSE) SELECT * FROM char_varchar_ WHERE val > 'bBいイ異伊';
                                        QUERY PLAN                                        
------------------------------------------------------------------------------------------
 Foreign Scan on char_varchar_
   Remote SQL: SELECT "id", "val" FROM "oracle_fdw"."char_b" WHERE ("val" > 'bBいイ異伊')
(2 rows)

SELECT * FROM char_varchar_ WHERE val > 'bBいイ異伊';
 id |                                                                                                                                                                                                                                                                                                                                                                                                                                                                                                                                                                                                                                                                                                                                                                                                                                                                                                                                                                                                                                     val                                                                                                                                                                                                                                                                                                                                                                                                                                                                                                                                                                                                                                                                                                                                                                                                                                                                                                                                                                                                                                      
----+------------------------------------------------------------------------------------------------------------------------------------------------------------------------------------------------------------------------------------------------------------------------------------------------------------------------------------------------------------------------------------------------------------------------------------------------------------------------------------------------------------------------------------------------------------------------------------------------------------------------------------------------------------------------------------------------------------------------------------------------------------------------------------------------------------------------------------------------------------------------------------------------------------------------------------------------------------------------------------------------------------------------------------------------------------------------------------------------------------------------------------------------------------------------------------------------------------------------------------------------------------------------------------------------------------------------------------------------------------------------------------------------------------------------------------------------------------------------------------------------------------------------------------------------------------------------------------------------------------------------------------------------------------------------------------------------------------------------------------------------------------------------------------------------------------------------------------------------------------------------------------------------------------------------------------------------------------------------------------------------------------------------------------------------------------------------------
  5 | cCうウ卯宇                                                                                                                                                                                                                                                                                                                                                                                                                                                                                                                                                                                                                                                                                                                                                                                                                                                                                                                                                                                                                                                                                                                                                                                                                                                                                                                                                                                                                                                                                                                                                                                                                                                                                                                                                                                                                                                                                                                                                                                                                                                                  
(1 row)

EXPLAIN (COSTS FALSE) SELECT * FROM char_text WHERE val > 'bBいイ異伊';
                                        QUERY PLAN                                        
------------------------------------------------------------------------------------------
 Foreign Scan on char_text
   Remote SQL: SELECT "id", "val" FROM "oracle_fdw"."char_c" WHERE ("val" > 'bBいイ異伊')
(2 rows)

SELECT * FROM char_text WHERE val > 'bBいイ異伊';
 id |                                                                                                                                                                                                                                                                                                                                                                                                                                                                                                                                                                                                                                                                                                                                                                                                                                                                                                                                                                                                                                     val                                                                                                                                                                                                                                                                                                                                                                                                                                                                                                                                                                                                                                                                                                                                                                                                                                                                                                                                                                                                                                      
----+------------------------------------------------------------------------------------------------------------------------------------------------------------------------------------------------------------------------------------------------------------------------------------------------------------------------------------------------------------------------------------------------------------------------------------------------------------------------------------------------------------------------------------------------------------------------------------------------------------------------------------------------------------------------------------------------------------------------------------------------------------------------------------------------------------------------------------------------------------------------------------------------------------------------------------------------------------------------------------------------------------------------------------------------------------------------------------------------------------------------------------------------------------------------------------------------------------------------------------------------------------------------------------------------------------------------------------------------------------------------------------------------------------------------------------------------------------------------------------------------------------------------------------------------------------------------------------------------------------------------------------------------------------------------------------------------------------------------------------------------------------------------------------------------------------------------------------------------------------------------------------------------------------------------------------------------------------------------------------------------------------------------------------------------------------------------------
  5 | cCうウ卯宇                                                                                                                                                                                                                                                                                                                                                                                                                                                                                                                                                                                                                                                                                                                                                                                                                                                                                                                                                                                                                                                                                                                                                                                                                                                                                                                                                                                                                                                                                                                                                                                                                                                                                                                                                                                                                                                                                                                                                                                                                                                                  
(1 row)

EXPLAIN (COSTS FALSE) SELECT * FROM nchar_char WHERE val > 'bBいイ異伊';
                                        QUERY PLAN                                        
------------------------------------------------------------------------------------------
 Foreign Scan on nchar_char
   Remote SQL: SELECT "id", "val" FROM "oracle_fdw"."nchar_" WHERE ("val" > 'bBいイ異伊')
(2 rows)

SELECT * FROM nchar_char WHERE val > 'bBいイ異伊';
 id |                                                                                                                                                                                                                                                                                                                                                                                                                                                                                                                                                                                                                                                                                                                                                                                                                                                                                                                                                                                                                                         val                                                                                                                                                                                                                                                                                                                                                                                                                                                                                                                                                                                                                                                                                                                                                                                                                                                                                                                                                                                                                                          
----+--------------------------------------------------------------------------------------------------------------------------------------------------------------------------------------------------------------------------------------------------------------------------------------------------------------------------------------------------------------------------------------------------------------------------------------------------------------------------------------------------------------------------------------------------------------------------------------------------------------------------------------------------------------------------------------------------------------------------------------------------------------------------------------------------------------------------------------------------------------------------------------------------------------------------------------------------------------------------------------------------------------------------------------------------------------------------------------------------------------------------------------------------------------------------------------------------------------------------------------------------------------------------------------------------------------------------------------------------------------------------------------------------------------------------------------------------------------------------------------------------------------------------------------------------------------------------------------------------------------------------------------------------------------------------------------------------------------------------------------------------------------------------------------------------------------------------------------------------------------------------------------------------------------------------------------------------------------------------------------------------------------------------------------------------------------------------------------
  5 | cCうウ卯宇                                                                                                                                                                                                                                                                                                                                                                                                                                                                                                                                                                                                                                                                                                                                                                                                                                                                                                                                                                                                                                                                                                                                                                                                                                                                                                                                                                                                                                                                                                                                                                                                                                                                                                                                                                                                                                                                                                                                                                                                                                                                          
(1 row)

EXPLAIN (COSTS FALSE) SELECT * FROM nchar_text WHERE val > 'bBいイ異伊';
                                        QUERY PLAN                                        
------------------------------------------------------------------------------------------
 Foreign Scan on nchar_text
   Remote SQL: SELECT "id", "val" FROM "oracle_fdw"."nchar_" WHERE ("val" > 'bBいイ異伊')
(2 rows)

SELECT * FROM nchar_text WHERE val > 'bBいイ異伊';
 id |                                                                                                                                                                                                                                                                                                                                                                                                                                                                                                                     val                                                                                                                                                                                                                                                                                                                                                                                                                                                                                                                      
----+----------------------------------------------------------------------------------------------------------------------------------------------------------------------------------------------------------------------------------------------------------------------------------------------------------------------------------------------------------------------------------------------------------------------------------------------------------------------------------------------------------------------------------------------------------------------------------------------------------------------------------------------------------------------------------------------------------------------------------------------------------------------------------------------------------------------------------------------------------------------------------------------------------------------------------------------------------------------------------------------------------------------------------------------
  5 | cCうウ卯宇                                                                                                                                                                                                                                                                                                                                                                                                                                                                                                                                                                                                                                                                                                                                                                                                                                                                                                                                                                                                                                  
(1 row)

EXPLAIN (COSTS FALSE) SELECT * FROM vc2_vc WHERE val > 'bBいイ異伊';
                                         QUERY PLAN                                          
---------------------------------------------------------------------------------------------
 Foreign Scan on vc2_vc
   Remote SQL: SELECT "id", "val" FROM "oracle_fdw"."varchar2_" WHERE ("val" > 'bBいイ異伊')
(2 rows)

SELECT * FROM vc2_vc WHERE val > 'bBいイ異伊';
 id |    val     
----+------------
  5 | cCうウ卯宇
(1 row)

EXPLAIN (COSTS FALSE) SELECT * FROM vc2_text WHERE val > 'bBいイ異伊';
                                         QUERY PLAN                                          
---------------------------------------------------------------------------------------------
 Foreign Scan on vc2_text
   Remote SQL: SELECT "id", "val" FROM "oracle_fdw"."varchar2_" WHERE ("val" > 'bBいイ異伊')
(2 rows)

SELECT * FROM vc2_text WHERE val > 'bBいイ異伊';
 id |    val     
----+------------
  5 | cCうウ卯宇
(1 row)

EXPLAIN (COSTS FALSE) SELECT * FROM nvc2_vc WHERE val > 'bBいイ異伊';
                                          QUERY PLAN                                          
----------------------------------------------------------------------------------------------
 Foreign Scan on nvc2_vc
   Remote SQL: SELECT "id", "val" FROM "oracle_fdw"."nvarchar2_" WHERE ("val" > 'bBいイ異伊')
(2 rows)

SELECT * FROM nvc2_vc WHERE val > 'bBいイ異伊';
 id |    val     
----+------------
  5 | cCうウ卯宇
(1 row)

EXPLAIN (COSTS FALSE) SELECT * FROM nvc2_text WHERE val > 'bBいイ異伊';
                                          QUERY PLAN                                          
----------------------------------------------------------------------------------------------
 Foreign Scan on nvc2_text
   Remote SQL: SELECT "id", "val" FROM "oracle_fdw"."nvarchar2_" WHERE ("val" > 'bBいイ異伊')
(2 rows)

SELECT * FROM nvc2_text WHERE val > 'bBいイ異伊';
 id |    val     
----+------------
  5 | cCうウ卯宇
(1 row)

EXPLAIN (COSTS FALSE) SELECT * FROM long_vc WHERE val > 'bBいイ異伊';
                                       QUERY PLAN                                        
-----------------------------------------------------------------------------------------
 Foreign Scan on long_vc
   Remote SQL: SELECT "id", "val" FROM "oracle_fdw"."long_" WHERE ("val" > 'bBいイ異伊')
(2 rows)

SELECT * FROM long_vc WHERE val > 'bBいイ異伊';
ERROR:  OCI_ERROR - ORA-00997: LONGデータ型は使用できません。

EXPLAIN (COSTS FALSE) SELECT * FROM long_text WHERE val > 'bBいイ異伊';
                                       QUERY PLAN                                        
-----------------------------------------------------------------------------------------
 Foreign Scan on long_text
   Remote SQL: SELECT "id", "val" FROM "oracle_fdw"."long_" WHERE ("val" > 'bBいイ異伊')
(2 rows)

SELECT * FROM long_text WHERE val > 'bBいイ異伊';
ERROR:  OCI_ERROR - ORA-00997: LONGデータ型は使用できません。

EXPLAIN (COSTS FALSE) SELECT * FROM clob_vc WHERE val > 'bBいイ異伊';
                                       QUERY PLAN                                        
-----------------------------------------------------------------------------------------
 Foreign Scan on clob_vc
   Remote SQL: SELECT "id", "val" FROM "oracle_fdw"."clob_" WHERE ("val" > 'bBいイ異伊')
(2 rows)

SELECT * FROM clob_vc WHERE val > 'bBいイ異伊';
ERROR:  OCI_ERROR - ORA-00932: データ型が一致しません: -が予想されましたがCLOBです。

EXPLAIN (COSTS FALSE) SELECT * FROM clob_text WHERE val > 'bBいイ異伊';
                                       QUERY PLAN                                        
-----------------------------------------------------------------------------------------
 Foreign Scan on clob_text
   Remote SQL: SELECT "id", "val" FROM "oracle_fdw"."clob_" WHERE ("val" > 'bBいイ異伊')
(2 rows)

SELECT * FROM clob_text WHERE val > 'bBいイ異伊';
ERROR:  OCI_ERROR - ORA-00932: データ型が一致しません: -が予想されましたがCLOBです。

EXPLAIN (COSTS FALSE) SELECT * FROM nclob_vc WHERE val > 'bBいイ異伊';
                                        QUERY PLAN                                        
------------------------------------------------------------------------------------------
 Foreign Scan on nclob_vc
   Remote SQL: SELECT "id", "val" FROM "oracle_fdw"."nclob_" WHERE ("val" > 'bBいイ異伊')
(2 rows)

SELECT * FROM nclob_vc WHERE val > 'bBいイ異伊';
ERROR:  OCI_ERROR - ORA-00932: データ型が一致しません: -が予想されましたがNCLOBです。

EXPLAIN (COSTS FALSE) SELECT * FROM nclob_text WHERE val > 'bBいイ異伊';
                                        QUERY PLAN                                        
------------------------------------------------------------------------------------------
 Foreign Scan on nclob_text
   Remote SQL: SELECT "id", "val" FROM "oracle_fdw"."nclob_" WHERE ("val" > 'bBいイ異伊')
(2 rows)

SELECT * FROM nclob_text WHERE val > 'bBいイ異伊';
ERROR:  OCI_ERROR - ORA-00932: データ型が一致しません: -が予想されましたがNCLOBです。

EXPLAIN (COSTS FALSE) SELECT * FROM date_date WHERE val > '0001-01-01';
                                                   QUERY PLAN                                                   
----------------------------------------------------------------------------------------------------------------
 Foreign Scan on date_date
   Remote SQL: SELECT "id", "val" FROM "oracle_fdw"."date_" WHERE ("val" > TO_DATE('0001-01-01', 'YYYY-MM-DD'))
(2 rows)

SELECT * FROM date_date WHERE val > '0001-01-01';
 id |    val     
----+------------
  3 | 0001-01-01
  6 | 9999-12-31
  7 | 9999-12-31
 10 | 0001-01-02
 11 | 0001-01-02
(5 rows)

EXPLAIN (COSTS FALSE) SELECT * FROM date_timestamp WHERE val > '0001-01-01 00:00:01';
                                                                        QUERY PLAN                                                                        
----------------------------------------------------------------------------------------------------------------------------------------------------------
 Foreign Scan on date_timestamp
   Remote SQL: SELECT "id", "val" FROM "oracle_fdw"."date_" WHERE ("val" > TO_TIMESTAMP('0001-01-01 AD 00:00:01.000000', 'YYYY-MM-DD BC HH24:MI:SS.FF6'))
(2 rows)

SELECT * FROM date_timestamp WHERE val > '0001-01-01 00:00:01';
 id |         val         
----+---------------------
  6 | 9999-12-31 00:00:00
  7 | 9999-12-31 23:59:59
 10 | 0001-01-02 00:00:00
 11 | 0001-01-02 00:00:01
(4 rows)

EXPLAIN (COSTS FALSE) SELECT * FROM ts6_ts WHERE val > '0001-01-01 00:00:00.000001';
                                                                           QUERY PLAN                                                                           
----------------------------------------------------------------------------------------------------------------------------------------------------------------
 Foreign Scan on ts6_ts
   Remote SQL: SELECT "id", "val" FROM "oracle_fdw"."timestamp_6" WHERE ("val" > TO_TIMESTAMP('0001-01-01 AD 00:00:00.000001', 'YYYY-MM-DD BC HH24:MI:SS.FF6'))
(2 rows)

SELECT * FROM ts6_ts WHERE val > '0001-01-01 00:00:00.000001';
 id |            val             
----+----------------------------
  4 | 9999-12-31 23:59:59.999999
  6 | 0001-01-02 00:00:00.000001
(2 rows)

EXPLAIN (COSTS FALSE) SELECT * FROM ts9_ts WHERE val > '0001-01-01 00:00:00.000001';
                                                                           QUERY PLAN                                                                           
----------------------------------------------------------------------------------------------------------------------------------------------------------------
 Foreign Scan on ts9_ts
   Remote SQL: SELECT "id", "val" FROM "oracle_fdw"."timestamp_9" WHERE ("val" > TO_TIMESTAMP('0001-01-01 AD 00:00:00.000001', 'YYYY-MM-DD BC HH24:MI:SS.FF6'))
(2 rows)

SELECT * FROM ts9_ts WHERE val > '0001-01-01 00:00:00.000001';
 id |            val             
----+----------------------------
  2 | 0001-01-01 00:00:00.000001
  4 | 9999-12-31 23:59:59.999999
  6 | 0001-01-02 00:00:00.000001
(3 rows)

EXPLAIN (COSTS FALSE) SELECT * FROM tstz6_tstz WHERE val > '0001-01-01 00:00:00.000001 Asia/Tokyo';
                                                                                     QUERY PLAN                                                                                     
------------------------------------------------------------------------------------------------------------------------------------------------------------------------------------
 Foreign Scan on tstz6_tstz
   Remote SQL: SELECT "id", "val" FROM "oracle_fdw"."timestamptz_6" WHERE ("val" > TO_TIMESTAMP_TZ('0001-01-01 AD 00:00:00.000001 Asia/Tokyo', 'YYYY-MM-DD BC HH24:MI:SS.FF6 TZR'))
(2 rows)

SELECT * FROM tstz6_tstz WHERE val > '0001-01-01 00:00:00.000001 Asia/Tokyo';
 id |                 val                 
----+-------------------------------------
  4 | 9999-12-31 23:59:59.999999+09
  6 | 0001-01-02 00:00:00.000001+09:18:59
(2 rows)

EXPLAIN (COSTS FALSE) SELECT * FROM tstz9_tstz WHERE val > '0001-01-01 00:00:00.000001 Asia/Tokyo';
                                                                                     QUERY PLAN                                                                                     
------------------------------------------------------------------------------------------------------------------------------------------------------------------------------------
 Foreign Scan on tstz9_tstz
   Remote SQL: SELECT "id", "val" FROM "oracle_fdw"."timestamptz_9" WHERE ("val" > TO_TIMESTAMP_TZ('0001-01-01 AD 00:00:00.000001 Asia/Tokyo', 'YYYY-MM-DD BC HH24:MI:SS.FF6 TZR'))
(2 rows)

SELECT * FROM tstz9_tstz WHERE val > '0001-01-01 00:00:00.000001 Asia/Tokyo';
 id |                 val                 
----+-------------------------------------
  2 | 0001-01-01 00:00:00.000001+09:18:59
  4 | 9999-12-31 23:59:59.999999+09
  6 | 0001-01-02 00:00:00.000001+09:18:59
(3 rows)

EXPLAIN (COSTS FALSE) SELECT * FROM tsltz6_tstz WHERE val > '0001-01-01 00:00:00.000001 Asia/Tokyo';
                                                                                     QUERY PLAN                                                                                      
-------------------------------------------------------------------------------------------------------------------------------------------------------------------------------------
 Foreign Scan on tsltz6_tstz
   Remote SQL: SELECT "id", "val" FROM "oracle_fdw"."timestampltz_6" WHERE ("val" > TO_TIMESTAMP_TZ('0001-01-01 AD 00:00:00.000001 Asia/Tokyo', 'YYYY-MM-DD BC HH24:MI:SS.FF6 TZR'))
(2 rows)

SELECT * FROM tsltz6_tstz WHERE val > '0001-01-01 00:00:00.000001 Asia/Tokyo';
 id |                 val                 
----+-------------------------------------
  4 | 9999-12-31 23:59:59.999999+09
  6 | 0001-01-02 00:00:00.000001+09:18:59
(2 rows)

EXPLAIN (COSTS FALSE) SELECT * FROM tsltz9_tstz WHERE val > '0001-01-01 00:00:00.000001 Asia/Tokyo';
                                                                                     QUERY PLAN                                                                                      
-------------------------------------------------------------------------------------------------------------------------------------------------------------------------------------
 Foreign Scan on tsltz9_tstz
   Remote SQL: SELECT "id", "val" FROM "oracle_fdw"."timestampltz_9" WHERE ("val" > TO_TIMESTAMP_TZ('0001-01-01 AD 00:00:00.000001 Asia/Tokyo', 'YYYY-MM-DD BC HH24:MI:SS.FF6 TZR'))
(2 rows)

SELECT * FROM tsltz9_tstz WHERE val > '0001-01-01 00:00:00.000001 Asia/Tokyo';
 id |                 val                 
----+-------------------------------------
  2 | 0001-01-01 00:00:00.000001+09:18:59
  4 | 9999-12-31 23:59:59.999999+09
  6 | 0001-01-02 00:00:00.000001+09:18:59
(3 rows)

EXPLAIN (COSTS FALSE) SELECT * FROM itym_it WHERE val > '1 year';
                                                    QUERY PLAN                                                    
------------------------------------------------------------------------------------------------------------------
 Foreign Scan on itym_it
   Remote SQL: SELECT "id", "val" FROM "oracle_fdw"."intervalym_" WHERE ("val" > INTERVAL '1-0' YEAR(9) TO MONTH)
(2 rows)

SELECT * FROM itym_it WHERE val > '1 year';
 id |     val      
----+--------------
  4 | 177999999-11
  6 | 2-0
(2 rows)

EXPLAIN (COSTS FALSE) SELECT * FROM itds6_it WHERE val > '1 day';
                                                         QUERY PLAN                                                         
----------------------------------------------------------------------------------------------------------------------------
 Foreign Scan on itds6_it
   Remote SQL: SELECT "id", "val" FROM "oracle_fdw"."intervalds_6" WHERE ("val" > INTERVAL '1 0:00:00' DAY(9) TO SECOND(6))
(2 rows)

SELECT * FROM itds6_it WHERE val > '1 day';
 id |            val            
----+---------------------------
  4 | 999999999 23:59:59.999999
  6 | 2 0:00:00.000001
(2 rows)

EXPLAIN (COSTS FALSE) SELECT * FROM itds9_it WHERE val > '1 day';
                                                         QUERY PLAN                                                         
----------------------------------------------------------------------------------------------------------------------------
 Foreign Scan on itds9_it
   Remote SQL: SELECT "id", "val" FROM "oracle_fdw"."intervalds_9" WHERE ("val" > INTERVAL '1 0:00:00' DAY(9) TO SECOND(6))
(2 rows)

SELECT * FROM itds9_it WHERE val > '1 day';
 id |            val            
----+---------------------------
  4 | 999999999 23:59:59.999999
  6 | 2 0:00:00.000001
(2 rows)

EXPLAIN (COSTS FALSE) SELECT id, length(val) FROM rowid_text WHERE val > 'AAAbx1AAEAAACHoAAA';
                                            QUERY PLAN                                            
--------------------------------------------------------------------------------------------------
 Foreign Scan on rowid_text
   Remote SQL: SELECT "id", "val" FROM "oracle_fdw"."rowid_" WHERE ("val" > 'AAAbx1AAEAAACHoAAA')
(2 rows)

SELECT id, length(val) FROM rowid_text WHERE val > 'AAAbx1AAEAAACHoAAA';
 id | length 
----+--------
  1 |     18
  2 |     18
  3 |     18
  4 |     18
  5 |     18
  6 |     18
(6 rows)

EXPLAIN (COSTS FALSE) SELECT id, length(val) FROM urowid_text WHERE val > '*BAEAj/wCwQL+';
                                          QUERY PLAN                                          
----------------------------------------------------------------------------------------------
 Foreign Scan on urowid_text
   Remote SQL: SELECT "id", "val" FROM "oracle_fdw"."urowid_" WHERE ("val" > '*BAEAj/wCwQL+')
(2 rows)

SELECT id, length(val) FROM urowid_text WHERE val > '*BAEAj/wCwQL+';
 id | length 
----+--------
  2 |     13
  3 |     13
(2 rows)

EXPLAIN (COSTS FALSE) SELECT * FROM raw_bytea WHERE val > E'\\xAABBCC';
                                     QUERY PLAN                                     
------------------------------------------------------------------------------------
 Foreign Scan on raw_bytea
   Remote SQL: SELECT "id", "val" FROM "oracle_fdw"."raw_" WHERE ("val" > 'AABBCC')
(2 rows)

SELECT * FROM raw_bytea WHERE val > E'\\xAABBCC';
 id |   val    
----+----------
  5 | \xffffff
  6 | \xbbbbbb
  7 | \xcccccc
(3 rows)

EXPLAIN (COSTS FALSE) SELECT * FROM long_raw_bytea WHERE val > E'\\xAABBCC';
                                       QUERY PLAN                                        
-----------------------------------------------------------------------------------------
 Foreign Scan on long_raw_bytea
   Remote SQL: SELECT "id", "val" FROM "oracle_fdw"."long_raw_" WHERE ("val" > 'AABBCC')
(2 rows)

SELECT * FROM long_raw_bytea WHERE val > E'\\xAABBCC';
ERROR:  OCI_ERROR - ORA-00997: LONGデータ型は使用できません。

EXPLAIN (COSTS FALSE) SELECT * FROM blob_bytea WHERE val > E'\\xAABBCC';
                                     QUERY PLAN                                      
-------------------------------------------------------------------------------------
 Foreign Scan on blob_bytea
   Remote SQL: SELECT "id", "val" FROM "oracle_fdw"."blob_" WHERE ("val" > 'AABBCC')
(2 rows)

SELECT * FROM blob_bytea WHERE val > E'\\xAABBCC';
ERROR:  OCI_ERROR - ORA-00932: データ型が一致しません: -が予想されましたがBLOBです。

EXPLAIN (COSTS FALSE) SELECT * FROM bfile_bytea WHERE val > E'\\xAABBCC';
                                      QUERY PLAN                                      
--------------------------------------------------------------------------------------
 Foreign Scan on bfile_bytea
   Remote SQL: SELECT "id", "val" FROM "oracle_fdw"."bfile_" WHERE ("val" > 'AABBCC')
(2 rows)

SELECT * FROM bfile_bytea WHERE val > E'\\xAABBCC';
ERROR:  OCI_ERROR - ORA-00932: データ型が一致しません: -が予想されましたがFILEです。

