\c contrib_regression_utf8
SET DateStyle = 'ISO,YMD';
SET IntervalStyle = 'sql_standard';
SET TIMEZONE = 'Asia/Tokyo';
-- '=' operator
EXPLAIN (COSTS FALSE) SELECT * FROM binary_float_real WHERE 0 = val;
                                        QUERY PLAN                                        
------------------------------------------------------------------------------------------
 Foreign Scan on binary_float_real
   Remote SQL: SELECT "id", "val" FROM "oracle_fdw"."binary_float_real" WHERE (0 = "val")
(2 rows)

SELECT * FROM binary_float_real WHERE 0 = val;
 id | val 
----+-----
  2 |   0
(1 row)

EXPLAIN (COSTS FALSE) SELECT * FROM binary_double_precision WHERE 0 = val;
                                           QUERY PLAN                                           
------------------------------------------------------------------------------------------------
 Foreign Scan on binary_double_precision
   Remote SQL: SELECT "id", "val" FROM "oracle_fdw"."binary_double_precision" WHERE (0 = "val")
(2 rows)

SELECT * FROM binary_double_precision WHERE 0 = val;
 id | val 
----+-----
  2 |   0
(1 row)

EXPLAIN (COSTS FALSE) SELECT * FROM number_smallint WHERE 0 = val;
                                       QUERY PLAN                                       
----------------------------------------------------------------------------------------
 Foreign Scan on number_smallint
   Remote SQL: SELECT "id", "val" FROM "oracle_fdw"."number_smallint" WHERE (0 = "val")
(2 rows)

SELECT * FROM number_smallint WHERE 0 = val;
 id | val 
----+-----
  2 |   0
(1 row)

EXPLAIN (COSTS FALSE) SELECT * FROM number_integer WHERE 0 = val;
                                      QUERY PLAN                                       
---------------------------------------------------------------------------------------
 Foreign Scan on number_integer
   Remote SQL: SELECT "id", "val" FROM "oracle_fdw"."number_integer" WHERE (0 = "val")
(2 rows)

SELECT * FROM number_integer WHERE 0 = val;
 id | val 
----+-----
  2 |   0
(1 row)

EXPLAIN (COSTS FALSE) SELECT * FROM number_bigint WHERE 0 = val;
                                      QUERY PLAN                                      
--------------------------------------------------------------------------------------
 Foreign Scan on number_bigint
   Remote SQL: SELECT "id", "val" FROM "oracle_fdw"."number_bigint" WHERE (0 = "val")
(2 rows)

SELECT * FROM number_bigint WHERE 0 = val;
 id | val 
----+-----
  2 |   0
(1 row)

EXPLAIN (COSTS FALSE) SELECT * FROM number_numeric1 WHERE 0 = val;
                                       QUERY PLAN                                       
----------------------------------------------------------------------------------------
 Foreign Scan on number_numeric1
   Remote SQL: SELECT "id", "val" FROM "oracle_fdw"."number_numeric1" WHERE (0 = "val")
(2 rows)

SELECT * FROM number_numeric1 WHERE 0 = val;
 id | val 
----+-----
  2 |   0
(1 row)

EXPLAIN (COSTS FALSE) SELECT * FROM number_numeric2 WHERE 0 = val;
                                       QUERY PLAN                                       
----------------------------------------------------------------------------------------
 Foreign Scan on number_numeric2
   Remote SQL: SELECT "id", "val" FROM "oracle_fdw"."number_numeric2" WHERE (0 = "val")
(2 rows)

SELECT * FROM number_numeric2 WHERE 0 = val;
 id | val 
----+-----
  2 |   0
(1 row)

EXPLAIN (COSTS FALSE) SELECT * FROM number_numeric3 WHERE 0 = val;
                                       QUERY PLAN                                       
----------------------------------------------------------------------------------------
 Foreign Scan on number_numeric3
   Remote SQL: SELECT "id", "val" FROM "oracle_fdw"."number_numeric3" WHERE (0 = "val")
(2 rows)

SELECT * FROM number_numeric3 WHERE 0 = val;
 id | val 
----+-----
  2 |   0
(1 row)

EXPLAIN (COSTS FALSE) SELECT * FROM float_numeric1 WHERE 0 = val;
                                      QUERY PLAN                                       
---------------------------------------------------------------------------------------
 Foreign Scan on float_numeric1
   Remote SQL: SELECT "id", "val" FROM "oracle_fdw"."float_numeric1" WHERE (0 = "val")
(2 rows)

SELECT * FROM float_numeric1 WHERE 0 = val;
 id | val 
----+-----
  2 |   0
(1 row)

EXPLAIN (COSTS FALSE) SELECT * FROM float_numeric2 WHERE 0 = val;
                                      QUERY PLAN                                       
---------------------------------------------------------------------------------------
 Foreign Scan on float_numeric2
   Remote SQL: SELECT "id", "val" FROM "oracle_fdw"."float_numeric2" WHERE (0 = "val")
(2 rows)

SELECT * FROM float_numeric2 WHERE 0 = val;
 id | val 
----+-----
  2 |   0
(1 row)

EXPLAIN (COSTS FALSE) SELECT * FROM char_char WHERE 'bBいイ異伊' = val;
                                        QUERY PLAN                                        
------------------------------------------------------------------------------------------
 Foreign Scan on char_char
   Remote SQL: SELECT "id", "val" FROM "oracle_fdw"."char_b" WHERE ('bBいイ異伊' = "val")
(2 rows)

SELECT * FROM char_char WHERE 'bBいイ異伊' = val;
 id |                                                                                                                                                                                                                                                                                                                                                                                                                                                                                                                                                                                                                                                                                                                                                                                                                                                                                                                                                                                                                                         val                                                                                                                                                                                                                                                                                                                                                                                                                                                                                                                                                                                                                                                                                                                                                                                                                                                                                                                                                                                                                                          
----+--------------------------------------------------------------------------------------------------------------------------------------------------------------------------------------------------------------------------------------------------------------------------------------------------------------------------------------------------------------------------------------------------------------------------------------------------------------------------------------------------------------------------------------------------------------------------------------------------------------------------------------------------------------------------------------------------------------------------------------------------------------------------------------------------------------------------------------------------------------------------------------------------------------------------------------------------------------------------------------------------------------------------------------------------------------------------------------------------------------------------------------------------------------------------------------------------------------------------------------------------------------------------------------------------------------------------------------------------------------------------------------------------------------------------------------------------------------------------------------------------------------------------------------------------------------------------------------------------------------------------------------------------------------------------------------------------------------------------------------------------------------------------------------------------------------------------------------------------------------------------------------------------------------------------------------------------------------------------------------------------------------------------------------------------------------------------------------
  4 | bBいイ異伊                                                                                                                                                                                                                                                                                                                                                                                                                                                                                                                                                                                                                                                                                                                                                                                                                                                                                                                                                                                                                                                                                                                                                                                                                                                                                                                                                                                                                                                                                                                                                                                                                                                                                                                                                                                                                                                                                                                                                                                                                                                                          
(1 row)

EXPLAIN (COSTS FALSE) SELECT * FROM char_varchar WHERE 'bBいイ異伊' = val;
                                        QUERY PLAN                                        
------------------------------------------------------------------------------------------
 Foreign Scan on char_varchar
   Remote SQL: SELECT "id", "val" FROM "oracle_fdw"."char_c" WHERE ('bBいイ異伊' = "val")
(2 rows)

SELECT * FROM char_varchar WHERE 'bBいイ異伊' = val;
 id |                                                                                                                                                                                                                                                                                                                                                                                                                                                                                                                                                                                                                                                                                                                                                                                                                                                                                                                                                                                                                                     val                                                                                                                                                                                                                                                                                                                                                                                                                                                                                                                                                                                                                                                                                                                                                                                                                                                                                                                                                                                                                                      
----+------------------------------------------------------------------------------------------------------------------------------------------------------------------------------------------------------------------------------------------------------------------------------------------------------------------------------------------------------------------------------------------------------------------------------------------------------------------------------------------------------------------------------------------------------------------------------------------------------------------------------------------------------------------------------------------------------------------------------------------------------------------------------------------------------------------------------------------------------------------------------------------------------------------------------------------------------------------------------------------------------------------------------------------------------------------------------------------------------------------------------------------------------------------------------------------------------------------------------------------------------------------------------------------------------------------------------------------------------------------------------------------------------------------------------------------------------------------------------------------------------------------------------------------------------------------------------------------------------------------------------------------------------------------------------------------------------------------------------------------------------------------------------------------------------------------------------------------------------------------------------------------------------------------------------------------------------------------------------------------------------------------------------------------------------------------------------
  4 | bBいイ異伊                                                                                                                                                                                                                                                                                                                                                                                                                                                                                                                                                                                                                                                                                                                                                                                                                                                                                                                                                                                                                                                                                                                                                                                                                                                                                                                                                                                                                                                                                                                                                                                                                                                                                                                                                                                                                                                                                                                                                                                                                                                                  
(1 row)

EXPLAIN (COSTS FALSE) SELECT * FROM char_varchar_ WHERE 'bBいイ異伊' = val;
                                        QUERY PLAN                                        
------------------------------------------------------------------------------------------
 Foreign Scan on char_varchar_
   Remote SQL: SELECT "id", "val" FROM "oracle_fdw"."char_b" WHERE ('bBいイ異伊' = "val")
(2 rows)

SELECT * FROM char_varchar_ WHERE 'bBいイ異伊' = val;
 id |                                                                                                                                                                                                                                                                                                                                                                                                                                                                                                                                                                                                                                                                                                                                                                                                                                                                                                                                                                                                                                     val                                                                                                                                                                                                                                                                                                                                                                                                                                                                                                                                                                                                                                                                                                                                                                                                                                                                                                                                                                                                                                      
----+------------------------------------------------------------------------------------------------------------------------------------------------------------------------------------------------------------------------------------------------------------------------------------------------------------------------------------------------------------------------------------------------------------------------------------------------------------------------------------------------------------------------------------------------------------------------------------------------------------------------------------------------------------------------------------------------------------------------------------------------------------------------------------------------------------------------------------------------------------------------------------------------------------------------------------------------------------------------------------------------------------------------------------------------------------------------------------------------------------------------------------------------------------------------------------------------------------------------------------------------------------------------------------------------------------------------------------------------------------------------------------------------------------------------------------------------------------------------------------------------------------------------------------------------------------------------------------------------------------------------------------------------------------------------------------------------------------------------------------------------------------------------------------------------------------------------------------------------------------------------------------------------------------------------------------------------------------------------------------------------------------------------------------------------------------------------------
  4 | bBいイ異伊                                                                                                                                                                                                                                                                                                                                                                                                                                                                                                                                                                                                                                                                                                                                                                                                                                                                                                                                                                                                                                                                                                                                                                                                                                                                                                                                                                                                                                                                                                                                                                                                                                                                                                                                                                                                                                                                                                                                                                                                                                                                  
(1 row)

EXPLAIN (COSTS FALSE) SELECT * FROM char_text WHERE 'bBいイ異伊' = val;
                                        QUERY PLAN                                        
------------------------------------------------------------------------------------------
 Foreign Scan on char_text
   Remote SQL: SELECT "id", "val" FROM "oracle_fdw"."char_c" WHERE ('bBいイ異伊' = "val")
(2 rows)

SELECT * FROM char_text WHERE 'bBいイ異伊' = val;
 id |                                                                                                                                                                                                                                                                                                                                                                                                                                                                                                                                                                                                                                                                                                                                                                                                                                                                                                                                                                                                                                     val                                                                                                                                                                                                                                                                                                                                                                                                                                                                                                                                                                                                                                                                                                                                                                                                                                                                                                                                                                                                                                      
----+------------------------------------------------------------------------------------------------------------------------------------------------------------------------------------------------------------------------------------------------------------------------------------------------------------------------------------------------------------------------------------------------------------------------------------------------------------------------------------------------------------------------------------------------------------------------------------------------------------------------------------------------------------------------------------------------------------------------------------------------------------------------------------------------------------------------------------------------------------------------------------------------------------------------------------------------------------------------------------------------------------------------------------------------------------------------------------------------------------------------------------------------------------------------------------------------------------------------------------------------------------------------------------------------------------------------------------------------------------------------------------------------------------------------------------------------------------------------------------------------------------------------------------------------------------------------------------------------------------------------------------------------------------------------------------------------------------------------------------------------------------------------------------------------------------------------------------------------------------------------------------------------------------------------------------------------------------------------------------------------------------------------------------------------------------------------------
  4 | bBいイ異伊                                                                                                                                                                                                                                                                                                                                                                                                                                                                                                                                                                                                                                                                                                                                                                                                                                                                                                                                                                                                                                                                                                                                                                                                                                                                                                                                                                                                                                                                                                                                                                                                                                                                                                                                                                                                                                                                                                                                                                                                                                                                  
(1 row)

EXPLAIN (COSTS FALSE) SELECT * FROM nchar_char WHERE 'bBいイ異伊' = val;
                                        QUERY PLAN                                        
------------------------------------------------------------------------------------------
 Foreign Scan on nchar_char
   Remote SQL: SELECT "id", "val" FROM "oracle_fdw"."nchar_" WHERE ('bBいイ異伊' = "val")
(2 rows)

SELECT * FROM nchar_char WHERE 'bBいイ異伊' = val;
 id |                                                                                                                                                                                                                                                                                                                                                                                                                                                                                                                                                                                                                                                                                                                                                                                                                                                                                                                                                                                                                                         val                                                                                                                                                                                                                                                                                                                                                                                                                                                                                                                                                                                                                                                                                                                                                                                                                                                                                                                                                                                                                                          
----+--------------------------------------------------------------------------------------------------------------------------------------------------------------------------------------------------------------------------------------------------------------------------------------------------------------------------------------------------------------------------------------------------------------------------------------------------------------------------------------------------------------------------------------------------------------------------------------------------------------------------------------------------------------------------------------------------------------------------------------------------------------------------------------------------------------------------------------------------------------------------------------------------------------------------------------------------------------------------------------------------------------------------------------------------------------------------------------------------------------------------------------------------------------------------------------------------------------------------------------------------------------------------------------------------------------------------------------------------------------------------------------------------------------------------------------------------------------------------------------------------------------------------------------------------------------------------------------------------------------------------------------------------------------------------------------------------------------------------------------------------------------------------------------------------------------------------------------------------------------------------------------------------------------------------------------------------------------------------------------------------------------------------------------------------------------------------------------
  4 | bBいイ異伊                                                                                                                                                                                                                                                                                                                                                                                                                                                                                                                                                                                                                                                                                                                                                                                                                                                                                                                                                                                                                                                                                                                                                                                                                                                                                                                                                                                                                                                                                                                                                                                                                                                                                                                                                                                                                                                                                                                                                                                                                                                                          
(1 row)

EXPLAIN (COSTS FALSE) SELECT * FROM nchar_text WHERE 'bBいイ異伊' = val;
                                        QUERY PLAN                                        
------------------------------------------------------------------------------------------
 Foreign Scan on nchar_text
   Remote SQL: SELECT "id", "val" FROM "oracle_fdw"."nchar_" WHERE ('bBいイ異伊' = "val")
(2 rows)

SELECT * FROM nchar_text WHERE 'bBいイ異伊' = val;
 id |                                                                                                                                                                                                                                                                                                                                                                                                                                                                                                                     val                                                                                                                                                                                                                                                                                                                                                                                                                                                                                                                      
----+----------------------------------------------------------------------------------------------------------------------------------------------------------------------------------------------------------------------------------------------------------------------------------------------------------------------------------------------------------------------------------------------------------------------------------------------------------------------------------------------------------------------------------------------------------------------------------------------------------------------------------------------------------------------------------------------------------------------------------------------------------------------------------------------------------------------------------------------------------------------------------------------------------------------------------------------------------------------------------------------------------------------------------------------
  4 | bBいイ異伊                                                                                                                                                                                                                                                                                                                                                                                                                                                                                                                                                                                                                                                                                                                                                                                                                                                                                                                                                                                                                                  
(1 row)

EXPLAIN (COSTS FALSE) SELECT * FROM vc2_vc WHERE 'bBいイ異伊' = val;
                                         QUERY PLAN                                          
---------------------------------------------------------------------------------------------
 Foreign Scan on vc2_vc
   Remote SQL: SELECT "id", "val" FROM "oracle_fdw"."varchar2_" WHERE ('bBいイ異伊' = "val")
(2 rows)

SELECT * FROM vc2_vc WHERE 'bBいイ異伊' = val;
 id |    val     
----+------------
  4 | bBいイ異伊
(1 row)

EXPLAIN (COSTS FALSE) SELECT * FROM vc2_text WHERE 'bBいイ異伊' = val;
                                         QUERY PLAN                                          
---------------------------------------------------------------------------------------------
 Foreign Scan on vc2_text
   Remote SQL: SELECT "id", "val" FROM "oracle_fdw"."varchar2_" WHERE ('bBいイ異伊' = "val")
(2 rows)

SELECT * FROM vc2_text WHERE 'bBいイ異伊' = val;
 id |    val     
----+------------
  4 | bBいイ異伊
(1 row)

EXPLAIN (COSTS FALSE) SELECT * FROM nvc2_vc WHERE 'bBいイ異伊' = val;
                                          QUERY PLAN                                          
----------------------------------------------------------------------------------------------
 Foreign Scan on nvc2_vc
   Remote SQL: SELECT "id", "val" FROM "oracle_fdw"."nvarchar2_" WHERE ('bBいイ異伊' = "val")
(2 rows)

SELECT * FROM nvc2_vc WHERE 'bBいイ異伊' = val;
 id |    val     
----+------------
  4 | bBいイ異伊
(1 row)

EXPLAIN (COSTS FALSE) SELECT * FROM nvc2_text WHERE 'bBいイ異伊' = val;
                                          QUERY PLAN                                          
----------------------------------------------------------------------------------------------
 Foreign Scan on nvc2_text
   Remote SQL: SELECT "id", "val" FROM "oracle_fdw"."nvarchar2_" WHERE ('bBいイ異伊' = "val")
(2 rows)

SELECT * FROM nvc2_text WHERE 'bBいイ異伊' = val;
 id |    val     
----+------------
  4 | bBいイ異伊
(1 row)

EXPLAIN (COSTS FALSE) SELECT * FROM long_vc WHERE 'bBいイ異伊' = val;
                                       QUERY PLAN                                        
-----------------------------------------------------------------------------------------
 Foreign Scan on long_vc
   Remote SQL: SELECT "id", "val" FROM "oracle_fdw"."long_" WHERE ('bBいイ異伊' = "val")
(2 rows)

SELECT * FROM long_vc WHERE 'bBいイ異伊' = val;
ERROR:  OCI_ERROR - ORA-00997: LONGデータ型は使用できません。

EXPLAIN (COSTS FALSE) SELECT * FROM long_text WHERE 'bBいイ異伊' = val;
                                       QUERY PLAN                                        
-----------------------------------------------------------------------------------------
 Foreign Scan on long_text
   Remote SQL: SELECT "id", "val" FROM "oracle_fdw"."long_" WHERE ('bBいイ異伊' = "val")
(2 rows)

SELECT * FROM long_text WHERE 'bBいイ異伊' = val;
ERROR:  OCI_ERROR - ORA-00997: LONGデータ型は使用できません。

EXPLAIN (COSTS FALSE) SELECT * FROM clob_vc WHERE 'bBいイ異伊' = val;
                                       QUERY PLAN                                        
-----------------------------------------------------------------------------------------
 Foreign Scan on clob_vc
   Remote SQL: SELECT "id", "val" FROM "oracle_fdw"."clob_" WHERE ('bBいイ異伊' = "val")
(2 rows)

SELECT * FROM clob_vc WHERE 'bBいイ異伊' = val;
ERROR:  OCI_ERROR - ORA-00932: データ型が一致しません: -が予想されましたがCLOBです。

EXPLAIN (COSTS FALSE) SELECT * FROM clob_text WHERE 'bBいイ異伊' = val;
                                       QUERY PLAN                                        
-----------------------------------------------------------------------------------------
 Foreign Scan on clob_text
   Remote SQL: SELECT "id", "val" FROM "oracle_fdw"."clob_" WHERE ('bBいイ異伊' = "val")
(2 rows)

SELECT * FROM clob_text WHERE 'bBいイ異伊' = val;
ERROR:  OCI_ERROR - ORA-00932: データ型が一致しません: -が予想されましたがCLOBです。

EXPLAIN (COSTS FALSE) SELECT * FROM nclob_vc WHERE 'bBいイ異伊' = val;
                                        QUERY PLAN                                        
------------------------------------------------------------------------------------------
 Foreign Scan on nclob_vc
   Remote SQL: SELECT "id", "val" FROM "oracle_fdw"."nclob_" WHERE ('bBいイ異伊' = "val")
(2 rows)

SELECT * FROM nclob_vc WHERE 'bBいイ異伊' = val;
ERROR:  OCI_ERROR - ORA-00932: データ型が一致しません: -が予想されましたがNCLOBです。

EXPLAIN (COSTS FALSE) SELECT * FROM nclob_text WHERE 'bBいイ異伊' = val;
                                        QUERY PLAN                                        
------------------------------------------------------------------------------------------
 Foreign Scan on nclob_text
   Remote SQL: SELECT "id", "val" FROM "oracle_fdw"."nclob_" WHERE ('bBいイ異伊' = "val")
(2 rows)

SELECT * FROM nclob_text WHERE 'bBいイ異伊' = val;
ERROR:  OCI_ERROR - ORA-00932: データ型が一致しません: -が予想されましたがNCLOBです。

EXPLAIN (COSTS FALSE) SELECT * FROM date_date WHERE '0001-01-01' = val;
                                                   QUERY PLAN                                                   
----------------------------------------------------------------------------------------------------------------
 Foreign Scan on date_date
   Remote SQL: SELECT "id", "val" FROM "oracle_fdw"."date_" WHERE (TO_DATE('0001-01-01', 'YYYY-MM-DD') = "val")
(2 rows)

SELECT * FROM date_date WHERE '0001-01-01' = val;
 id |    val     
----+------------
  2 | 0001-01-01
(1 row)

EXPLAIN (COSTS FALSE) SELECT * FROM date_timestamp WHERE '0001-01-01 00:00:01' = val;
                                                                        QUERY PLAN                                                                        
----------------------------------------------------------------------------------------------------------------------------------------------------------
 Foreign Scan on date_timestamp
   Remote SQL: SELECT "id", "val" FROM "oracle_fdw"."date_" WHERE (TO_TIMESTAMP('0001-01-01 AD 00:00:01.000000', 'YYYY-MM-DD BC HH24:MI:SS.FF6') = "val")
(2 rows)

SELECT * FROM date_timestamp WHERE '0001-01-01 00:00:01' = val;
 id |         val         
----+---------------------
  3 | 0001-01-01 00:00:01
(1 row)

EXPLAIN (COSTS FALSE) SELECT * FROM ts6_ts WHERE '0001-01-01 00:00:00.000001' = val;
                                                                           QUERY PLAN                                                                           
----------------------------------------------------------------------------------------------------------------------------------------------------------------
 Foreign Scan on ts6_ts
   Remote SQL: SELECT "id", "val" FROM "oracle_fdw"."timestamp_6" WHERE (TO_TIMESTAMP('0001-01-01 AD 00:00:00.000001', 'YYYY-MM-DD BC HH24:MI:SS.FF6') = "val")
(2 rows)

SELECT * FROM ts6_ts WHERE '0001-01-01 00:00:00.000001' = val;
 id |            val             
----+----------------------------
  2 | 0001-01-01 00:00:00.000001
(1 row)

EXPLAIN (COSTS FALSE) SELECT * FROM ts9_ts WHERE '0001-01-01 00:00:00.000001' = val;
                                                                           QUERY PLAN                                                                           
----------------------------------------------------------------------------------------------------------------------------------------------------------------
 Foreign Scan on ts9_ts
   Remote SQL: SELECT "id", "val" FROM "oracle_fdw"."timestamp_9" WHERE (TO_TIMESTAMP('0001-01-01 AD 00:00:00.000001', 'YYYY-MM-DD BC HH24:MI:SS.FF6') = "val")
(2 rows)

SELECT * FROM ts9_ts WHERE '0001-01-01 00:00:00.000001' = val;
 id | val 
----+-----
(0 rows)

EXPLAIN (COSTS FALSE) SELECT * FROM tstz6_tstz WHERE '0001-01-01 00:00:00.000001 Asia/Tokyo' = val;
                                                                                     QUERY PLAN                                                                                     
------------------------------------------------------------------------------------------------------------------------------------------------------------------------------------
 Foreign Scan on tstz6_tstz
   Remote SQL: SELECT "id", "val" FROM "oracle_fdw"."timestamptz_6" WHERE (TO_TIMESTAMP_TZ('0001-01-01 AD 00:00:00.000001 Asia/Tokyo', 'YYYY-MM-DD BC HH24:MI:SS.FF6 TZR') = "val")
(2 rows)

SELECT * FROM tstz6_tstz WHERE '0001-01-01 00:00:00.000001 Asia/Tokyo' = val;
 id |                 val                 
----+-------------------------------------
  2 | 0001-01-01 00:00:00.000001+09:18:59
(1 row)

EXPLAIN (COSTS FALSE) SELECT * FROM tstz9_tstz WHERE '0001-01-01 00:00:00.000001 Asia/Tokyo' = val;
                                                                                     QUERY PLAN                                                                                     
------------------------------------------------------------------------------------------------------------------------------------------------------------------------------------
 Foreign Scan on tstz9_tstz
   Remote SQL: SELECT "id", "val" FROM "oracle_fdw"."timestamptz_9" WHERE (TO_TIMESTAMP_TZ('0001-01-01 AD 00:00:00.000001 Asia/Tokyo', 'YYYY-MM-DD BC HH24:MI:SS.FF6 TZR') = "val")
(2 rows)

SELECT * FROM tstz9_tstz WHERE '0001-01-01 00:00:00.000001 Asia/Tokyo' = val;
 id | val 
----+-----
(0 rows)

EXPLAIN (COSTS FALSE) SELECT * FROM tsltz6_tstz WHERE '0001-01-01 00:00:00.000001 Asia/Tokyo' = val;
                                                                                     QUERY PLAN                                                                                      
-------------------------------------------------------------------------------------------------------------------------------------------------------------------------------------
 Foreign Scan on tsltz6_tstz
   Remote SQL: SELECT "id", "val" FROM "oracle_fdw"."timestampltz_6" WHERE (TO_TIMESTAMP_TZ('0001-01-01 AD 00:00:00.000001 Asia/Tokyo', 'YYYY-MM-DD BC HH24:MI:SS.FF6 TZR') = "val")
(2 rows)

SELECT * FROM tsltz6_tstz WHERE '0001-01-01 00:00:00.000001 Asia/Tokyo' = val;
 id |                 val                 
----+-------------------------------------
  2 | 0001-01-01 00:00:00.000001+09:18:59
(1 row)

EXPLAIN (COSTS FALSE) SELECT * FROM tsltz9_tstz WHERE '0001-01-01 00:00:00.000001 Asia/Tokyo' = val;
                                                                                     QUERY PLAN                                                                                      
-------------------------------------------------------------------------------------------------------------------------------------------------------------------------------------
 Foreign Scan on tsltz9_tstz
   Remote SQL: SELECT "id", "val" FROM "oracle_fdw"."timestampltz_9" WHERE (TO_TIMESTAMP_TZ('0001-01-01 AD 00:00:00.000001 Asia/Tokyo', 'YYYY-MM-DD BC HH24:MI:SS.FF6 TZR') = "val")
(2 rows)

SELECT * FROM tsltz9_tstz WHERE '0001-01-01 00:00:00.000001 Asia/Tokyo' = val;
 id | val 
----+-----
(0 rows)

EXPLAIN (COSTS FALSE) SELECT * FROM itym_it WHERE '1 year' = val;
                                                    QUERY PLAN                                                    
------------------------------------------------------------------------------------------------------------------
 Foreign Scan on itym_it
   Remote SQL: SELECT "id", "val" FROM "oracle_fdw"."intervalym_" WHERE (INTERVAL '1-0' YEAR(9) TO MONTH = "val")
(2 rows)

SELECT * FROM itym_it WHERE '1 year' = val;
 id | val 
----+-----
  2 | 1-0
(1 row)

EXPLAIN (COSTS FALSE) SELECT * FROM itds6_it WHERE '1 day' = val;
                                                         QUERY PLAN                                                         
----------------------------------------------------------------------------------------------------------------------------
 Foreign Scan on itds6_it
   Remote SQL: SELECT "id", "val" FROM "oracle_fdw"."intervalds_6" WHERE (INTERVAL '1 0:00:00' DAY(9) TO SECOND(6) = "val")
(2 rows)

SELECT * FROM itds6_it WHERE '1 day' = val;
 id |    val    
----+-----------
  2 | 1 0:00:00
(1 row)

EXPLAIN (COSTS FALSE) SELECT * FROM itds9_it WHERE '1 day' = val;
                                                         QUERY PLAN                                                         
----------------------------------------------------------------------------------------------------------------------------
 Foreign Scan on itds9_it
   Remote SQL: SELECT "id", "val" FROM "oracle_fdw"."intervalds_9" WHERE (INTERVAL '1 0:00:00' DAY(9) TO SECOND(6) = "val")
(2 rows)

SELECT * FROM itds9_it WHERE '1 day' = val;
 id |    val    
----+-----------
  2 | 1 0:00:00
(1 row)

EXPLAIN (COSTS FALSE) SELECT id, length(val) FROM rowid_text WHERE 'AAAbx1AAEAAACHoAAA' = val;
                                            QUERY PLAN                                            
--------------------------------------------------------------------------------------------------
 Foreign Scan on rowid_text
   Remote SQL: SELECT "id", "val" FROM "oracle_fdw"."rowid_" WHERE ('AAAbx1AAEAAACHoAAA' = "val")
(2 rows)

SELECT id, length(val) FROM rowid_text WHERE 'AAAbx1AAEAAACHoAAA' = val;
ERROR:  OCI_ERROR - ORA-01410: ROWIDが無効です。

EXPLAIN (COSTS FALSE) SELECT id, length(val) FROM urowid_text WHERE '*BAEAj/wCwQL+' = val;
                                          QUERY PLAN                                          
----------------------------------------------------------------------------------------------
 Foreign Scan on urowid_text
   Remote SQL: SELECT "id", "val" FROM "oracle_fdw"."urowid_" WHERE ('*BAEAj/wCwQL+' = "val")
(2 rows)

SELECT id, length(val) FROM urowid_text WHERE '*BAEAj/wCwQL+' = val;
 id | length 
----+--------
  1 |     13
(1 row)

EXPLAIN (COSTS FALSE) SELECT * FROM raw_bytea WHERE E'\\xAABBCC' = val;
                                     QUERY PLAN                                     
------------------------------------------------------------------------------------
 Foreign Scan on raw_bytea
   Remote SQL: SELECT "id", "val" FROM "oracle_fdw"."raw_" WHERE ('AABBCC' = "val")
(2 rows)

SELECT * FROM raw_bytea WHERE E'\\xAABBCC' = val;
 id |   val    
----+----------
  3 | \xaabbcc
(1 row)

EXPLAIN (COSTS FALSE) SELECT * FROM long_raw_bytea WHERE E'\\xAABBCC' = val;
                                       QUERY PLAN                                        
-----------------------------------------------------------------------------------------
 Foreign Scan on long_raw_bytea
   Remote SQL: SELECT "id", "val" FROM "oracle_fdw"."long_raw_" WHERE ('AABBCC' = "val")
(2 rows)

SELECT * FROM long_raw_bytea WHERE E'\\xAABBCC' = val;
ERROR:  OCI_ERROR - ORA-00997: LONGデータ型は使用できません。

EXPLAIN (COSTS FALSE) SELECT * FROM blob_bytea WHERE E'\\xAABBCC' = val;
                                     QUERY PLAN                                      
-------------------------------------------------------------------------------------
 Foreign Scan on blob_bytea
   Remote SQL: SELECT "id", "val" FROM "oracle_fdw"."blob_" WHERE ('AABBCC' = "val")
(2 rows)

SELECT * FROM blob_bytea WHERE E'\\xAABBCC' = val;
ERROR:  OCI_ERROR - ORA-00932: データ型が一致しません: -が予想されましたがBLOBです。

EXPLAIN (COSTS FALSE) SELECT * FROM bfile_bytea WHERE E'\\xAABBCC' = val;
                                      QUERY PLAN                                      
--------------------------------------------------------------------------------------
 Foreign Scan on bfile_bytea
   Remote SQL: SELECT "id", "val" FROM "oracle_fdw"."bfile_" WHERE ('AABBCC' = "val")
(2 rows)

SELECT * FROM bfile_bytea WHERE E'\\xAABBCC' = val;
ERROR:  OCI_ERROR - ORA-00932: データ型が一致しません: -が予想されましたがFILEです。

